2025-02-07 16:35:01 [scheduling-1] INFO  d.p.dots.scheduler.MessagesScheduler - [TASK START] updateUnarchivedMessages()
2025-02-07 16:37:03 [scheduling-1] ERROR d.p.dots.scheduler.MessagesScheduler - [TASK ERROR] updateUnarchivedMessages() 
java.lang.InterruptedException: sleep interrupted
	at java.base/java.lang.Thread.sleepNanos0(Native Method)
	at java.base/java.lang.Thread.sleepNanos(Thread.java:491)
	at java.base/java.lang.Thread.sleep(Thread.java:522)
	at dev.pablito.dots.services.MessageService.updateUnarchivedMessages(MessageService.java:34)
	at dev.pablito.dots.scheduler.MessagesScheduler.updateUnarchivedMessages(MessagesScheduler.java:35)
	at java.base/jdk.internal.reflect.DirectMethodHandleAccessor.invoke(DirectMethodHandleAccessor.java:103)
	at java.base/java.lang.reflect.Method.invoke(Method.java:580)
	at org.springframework.scheduling.support.ScheduledMethodRunnable.runInternal(ScheduledMethodRunnable.java:130)
	at org.springframework.scheduling.support.ScheduledMethodRunnable.lambda$run$2(ScheduledMethodRunnable.java:124)
	at io.micrometer.observation.Observation.observe(Observation.java:499)
	at org.springframework.scheduling.support.ScheduledMethodRunnable.run(ScheduledMethodRunnable.java:124)
	at org.springframework.scheduling.support.DelegatingErrorHandlingRunnable.run(DelegatingErrorHandlingRunnable.java:54)
	at java.base/java.util.concurrent.Executors$RunnableAdapter.call(Executors.java:572)
	at java.base/java.util.concurrent.FutureTask.runAndReset(FutureTask.java:358)
	at java.base/java.util.concurrent.ScheduledThreadPoolExecutor$ScheduledFutureTask.run(ScheduledThreadPoolExecutor.java:305)
	at java.base/java.util.concurrent.ThreadPoolExecutor.runWorker(ThreadPoolExecutor.java:1144)
	at java.base/java.util.concurrent.ThreadPoolExecutor$Worker.run(ThreadPoolExecutor.java:642)
	at java.base/java.lang.Thread.run(Thread.java:1570)
2025-02-07 16:37:04 [scheduling-1] INFO  d.p.dots.scheduler.MessagesScheduler - [TASK START] updateUnarchivedMessages()
2025-02-07 16:37:36 [scheduling-1] ERROR d.p.dots.scheduler.MessagesScheduler - [TASK ERROR] updateUnarchivedMessages() 
java.lang.InterruptedException: sleep interrupted
	at java.base/java.lang.Thread.sleepNanos0(Native Method)
	at java.base/java.lang.Thread.sleepNanos(Thread.java:491)
	at java.base/java.lang.Thread.sleep(Thread.java:522)
	at dev.pablito.dots.services.MessageService.updateUnarchivedMessages(MessageService.java:34)
	at dev.pablito.dots.scheduler.MessagesScheduler.updateUnarchivedMessages(MessagesScheduler.java:35)
	at java.base/jdk.internal.reflect.DirectMethodHandleAccessor.invoke(DirectMethodHandleAccessor.java:103)
	at java.base/java.lang.reflect.Method.invoke(Method.java:580)
	at org.springframework.scheduling.support.ScheduledMethodRunnable.runInternal(ScheduledMethodRunnable.java:130)
	at org.springframework.scheduling.support.ScheduledMethodRunnable.lambda$run$2(ScheduledMethodRunnable.java:124)
	at io.micrometer.observation.Observation.observe(Observation.java:499)
	at org.springframework.scheduling.support.ScheduledMethodRunnable.run(ScheduledMethodRunnable.java:124)
	at org.springframework.scheduling.support.DelegatingErrorHandlingRunnable.run(DelegatingErrorHandlingRunnable.java:54)
	at java.base/java.util.concurrent.Executors$RunnableAdapter.call(Executors.java:572)
	at java.base/java.util.concurrent.FutureTask.runAndReset(FutureTask.java:358)
	at java.base/java.util.concurrent.ScheduledThreadPoolExecutor$ScheduledFutureTask.run(ScheduledThreadPoolExecutor.java:305)
	at java.base/java.util.concurrent.ThreadPoolExecutor.runWorker(ThreadPoolExecutor.java:1144)
	at java.base/java.util.concurrent.ThreadPoolExecutor$Worker.run(ThreadPoolExecutor.java:642)
	at java.base/java.lang.Thread.run(Thread.java:1570)
2025-02-07 16:37:37 [scheduling-1] INFO  d.p.dots.scheduler.MessagesScheduler - [TASK START] updateUnarchivedMessages()
2025-02-07 16:38:08 [scheduling-1] ERROR d.p.dots.scheduler.MessagesScheduler - [TASK ERROR] updateUnarchivedMessages() 
java.lang.InterruptedException: sleep interrupted
	at java.base/java.lang.Thread.sleepNanos0(Native Method)
	at java.base/java.lang.Thread.sleepNanos(Thread.java:491)
	at java.base/java.lang.Thread.sleep(Thread.java:522)
	at dev.pablito.dots.services.MessageService.updateUnarchivedMessages(MessageService.java:34)
	at dev.pablito.dots.scheduler.MessagesScheduler.updateUnarchivedMessages(MessagesScheduler.java:35)
	at java.base/jdk.internal.reflect.DirectMethodHandleAccessor.invoke(DirectMethodHandleAccessor.java:103)
	at java.base/java.lang.reflect.Method.invoke(Method.java:580)
	at org.springframework.scheduling.support.ScheduledMethodRunnable.runInternal(ScheduledMethodRunnable.java:130)
	at org.springframework.scheduling.support.ScheduledMethodRunnable.lambda$run$2(ScheduledMethodRunnable.java:124)
	at io.micrometer.observation.Observation.observe(Observation.java:499)
	at org.springframework.scheduling.support.ScheduledMethodRunnable.run(ScheduledMethodRunnable.java:124)
	at org.springframework.scheduling.support.DelegatingErrorHandlingRunnable.run(DelegatingErrorHandlingRunnable.java:54)
	at java.base/java.util.concurrent.Executors$RunnableAdapter.call(Executors.java:572)
	at java.base/java.util.concurrent.FutureTask.runAndReset(FutureTask.java:358)
	at java.base/java.util.concurrent.ScheduledThreadPoolExecutor$ScheduledFutureTask.run(ScheduledThreadPoolExecutor.java:305)
	at java.base/java.util.concurrent.ThreadPoolExecutor.runWorker(ThreadPoolExecutor.java:1144)
	at java.base/java.util.concurrent.ThreadPoolExecutor$Worker.run(ThreadPoolExecutor.java:642)
	at java.base/java.lang.Thread.run(Thread.java:1570)
2025-02-07 16:38:09 [scheduling-1] INFO  d.p.dots.scheduler.MessagesScheduler - [TASK START] updateUnarchivedMessages()
2025-02-07 16:43:01 [scheduling-1] INFO  d.p.dots.scheduler.MessagesScheduler - [TASK START] updateUnarchivedMessages()
2025-02-07 16:43:10 [http-nio-8081-exec-3] INFO  d.p.dots.scheduler.MessagesScheduler - [TASK START] updateMessages(4635827-919)
2025-02-07 16:43:10 [http-nio-8081-exec-3] INFO  d.p.dots.scheduler.MessagesScheduler - [TASK END] updateMessages(4635827-919) - 0 s 
2025-02-07 16:43:10 [http-nio-8081-exec-4] INFO  d.p.dots.scheduler.MessagesScheduler - [TASK START] resetNewMessages(4635827-919)
2025-02-07 16:43:11 [http-nio-8081-exec-4] INFO  d.p.dots.scheduler.MessagesScheduler - [TASK END] resetNewMessages(4635827-919) - 0 s 
2025-02-07 16:43:27 [http-nio-8081-exec-6] INFO  d.p.dots.scheduler.MessagesScheduler - [TASK START] updateMessages(4635827-897)
2025-02-07 16:43:27 [http-nio-8081-exec-6] INFO  d.p.dots.scheduler.MessagesScheduler - [TASK END] updateMessages(4635827-897) - 0 s 
2025-02-07 16:43:27 [http-nio-8081-exec-9] INFO  d.p.dots.scheduler.MessagesScheduler - [TASK START] resetNewMessages(4635827-897)
2025-02-07 16:43:28 [http-nio-8081-exec-9] INFO  d.p.dots.scheduler.MessagesScheduler - [TASK END] resetNewMessages(4635827-897) - 0 s 
2025-02-07 16:43:33 [http-nio-8081-exec-8] INFO  d.p.dots.scheduler.MessagesScheduler - [TASK START] sendMessage(4635827-897, another test sorry)
2025-02-07 16:43:34 [http-nio-8081-exec-8] INFO  d.p.dots.scheduler.MessagesScheduler - [TASK END] sendMessage(4635827-897, another test sorry) - 0 s 
2025-02-07 16:43:34 [http-nio-8081-exec-1] INFO  d.p.dots.scheduler.MessagesScheduler - [TASK START] updateMessages(4635827-897)
2025-02-07 16:43:34 [http-nio-8081-exec-1] INFO  d.p.dots.scheduler.MessagesScheduler - [TASK END] updateMessages(4635827-897) - 0 s 
2025-02-07 16:44:19 [scheduling-1] INFO  d.p.dots.scheduler.MessagesScheduler - [TASK START] updateUnarchivedMessages()
2025-02-07 16:48:23 [scheduling-1] INFO  d.p.dots.scheduler.MessagesScheduler - [TASK START] updateUnarchivedMessages()
2025-02-07 16:51:12 [scheduling-1] INFO  d.p.dots.scheduler.MessagesScheduler - [TASK START] updateUnarchivedMessages()
2025-02-07 16:51:52 [scheduling-1] ERROR d.p.dots.scheduler.MessagesScheduler - [TASK ERROR] updateUnarchivedMessages() 
java.lang.InterruptedException: sleep interrupted
	at java.base/java.lang.Thread.sleepNanos0(Native Method)
	at java.base/java.lang.Thread.sleepNanos(Thread.java:491)
	at java.base/java.lang.Thread.sleep(Thread.java:522)
	at dev.pablito.dots.services.MessageService.updateUnarchivedMessages(MessageService.java:34)
	at dev.pablito.dots.scheduler.MessagesScheduler.updateUnarchivedMessages(MessagesScheduler.java:35)
	at java.base/jdk.internal.reflect.DirectMethodHandleAccessor.invoke(DirectMethodHandleAccessor.java:103)
	at java.base/java.lang.reflect.Method.invoke(Method.java:580)
	at org.springframework.scheduling.support.ScheduledMethodRunnable.runInternal(ScheduledMethodRunnable.java:130)
	at org.springframework.scheduling.support.ScheduledMethodRunnable.lambda$run$2(ScheduledMethodRunnable.java:124)
	at io.micrometer.observation.Observation.observe(Observation.java:499)
	at org.springframework.scheduling.support.ScheduledMethodRunnable.run(ScheduledMethodRunnable.java:124)
	at org.springframework.scheduling.support.DelegatingErrorHandlingRunnable.run(DelegatingErrorHandlingRunnable.java:54)
	at java.base/java.util.concurrent.Executors$RunnableAdapter.call(Executors.java:572)
	at java.base/java.util.concurrent.FutureTask.runAndReset(FutureTask.java:358)
	at java.base/java.util.concurrent.ScheduledThreadPoolExecutor$ScheduledFutureTask.run(ScheduledThreadPoolExecutor.java:305)
	at java.base/java.util.concurrent.ThreadPoolExecutor.runWorker(ThreadPoolExecutor.java:1144)
	at java.base/java.util.concurrent.ThreadPoolExecutor$Worker.run(ThreadPoolExecutor.java:642)
	at java.base/java.lang.Thread.run(Thread.java:1570)
2025-02-07 16:51:53 [scheduling-1] INFO  d.p.dots.scheduler.MessagesScheduler - [TASK START] updateUnarchivedMessages()
2025-02-07 16:52:24 [scheduling-1] ERROR d.p.dots.scheduler.MessagesScheduler - [TASK ERROR] updateUnarchivedMessages() 
java.lang.InterruptedException: sleep interrupted
	at java.base/java.lang.Thread.sleepNanos0(Native Method)
	at java.base/java.lang.Thread.sleepNanos(Thread.java:491)
	at java.base/java.lang.Thread.sleep(Thread.java:522)
	at dev.pablito.dots.services.MessageService.updateUnarchivedMessages(MessageService.java:34)
	at dev.pablito.dots.scheduler.MessagesScheduler.updateUnarchivedMessages(MessagesScheduler.java:35)
	at java.base/jdk.internal.reflect.DirectMethodHandleAccessor.invoke(DirectMethodHandleAccessor.java:103)
	at java.base/java.lang.reflect.Method.invoke(Method.java:580)
	at org.springframework.scheduling.support.ScheduledMethodRunnable.runInternal(ScheduledMethodRunnable.java:130)
	at org.springframework.scheduling.support.ScheduledMethodRunnable.lambda$run$2(ScheduledMethodRunnable.java:124)
	at io.micrometer.observation.Observation.observe(Observation.java:499)
	at org.springframework.scheduling.support.ScheduledMethodRunnable.run(ScheduledMethodRunnable.java:124)
	at org.springframework.scheduling.support.DelegatingErrorHandlingRunnable.run(DelegatingErrorHandlingRunnable.java:54)
	at java.base/java.util.concurrent.Executors$RunnableAdapter.call(Executors.java:572)
	at java.base/java.util.concurrent.FutureTask.runAndReset(FutureTask.java:358)
	at java.base/java.util.concurrent.ScheduledThreadPoolExecutor$ScheduledFutureTask.run(ScheduledThreadPoolExecutor.java:305)
	at java.base/java.util.concurrent.ThreadPoolExecutor.runWorker(ThreadPoolExecutor.java:1144)
	at java.base/java.util.concurrent.ThreadPoolExecutor$Worker.run(ThreadPoolExecutor.java:642)
	at java.base/java.lang.Thread.run(Thread.java:1570)
2025-02-07 16:52:26 [scheduling-1] INFO  d.p.dots.scheduler.MessagesScheduler - [TASK START] updateUnarchivedMessages()
2025-02-07 16:54:20 [scheduling-1] ERROR d.p.dots.scheduler.MessagesScheduler - [TASK ERROR] updateUnarchivedMessages() 
java.lang.InterruptedException: sleep interrupted
	at java.base/java.lang.Thread.sleepNanos0(Native Method)
	at java.base/java.lang.Thread.sleepNanos(Thread.java:491)
	at java.base/java.lang.Thread.sleep(Thread.java:522)
	at dev.pablito.dots.services.MessageService.updateUnarchivedMessages(MessageService.java:34)
	at dev.pablito.dots.scheduler.MessagesScheduler.updateUnarchivedMessages(MessagesScheduler.java:35)
	at java.base/jdk.internal.reflect.DirectMethodHandleAccessor.invoke(DirectMethodHandleAccessor.java:103)
	at java.base/java.lang.reflect.Method.invoke(Method.java:580)
	at org.springframework.scheduling.support.ScheduledMethodRunnable.runInternal(ScheduledMethodRunnable.java:130)
	at org.springframework.scheduling.support.ScheduledMethodRunnable.lambda$run$2(ScheduledMethodRunnable.java:124)
	at io.micrometer.observation.Observation.observe(Observation.java:499)
	at org.springframework.scheduling.support.ScheduledMethodRunnable.run(ScheduledMethodRunnable.java:124)
	at org.springframework.scheduling.support.DelegatingErrorHandlingRunnable.run(DelegatingErrorHandlingRunnable.java:54)
	at java.base/java.util.concurrent.Executors$RunnableAdapter.call(Executors.java:572)
	at java.base/java.util.concurrent.FutureTask.runAndReset(FutureTask.java:358)
	at java.base/java.util.concurrent.ScheduledThreadPoolExecutor$ScheduledFutureTask.run(ScheduledThreadPoolExecutor.java:305)
	at java.base/java.util.concurrent.ThreadPoolExecutor.runWorker(ThreadPoolExecutor.java:1144)
	at java.base/java.util.concurrent.ThreadPoolExecutor$Worker.run(ThreadPoolExecutor.java:642)
	at java.base/java.lang.Thread.run(Thread.java:1570)
2025-02-07 16:54:20 [scheduling-1] INFO  d.p.dots.scheduler.MessagesScheduler - [TASK START] updateUnarchivedMessages()
2025-02-07 16:54:52 [scheduling-1] ERROR d.p.dots.scheduler.MessagesScheduler - [TASK ERROR] updateUnarchivedMessages() 
java.lang.InterruptedException: null
	at java.base/java.util.concurrent.CompletableFuture.reportGet(CompletableFuture.java:386)
	at java.base/java.util.concurrent.CompletableFuture.get(CompletableFuture.java:2073)
	at java.net.http/jdk.internal.net.http.HttpClientImpl.send(HttpClientImpl.java:935)
	at java.net.http/jdk.internal.net.http.HttpClientFacade.send(HttpClientFacade.java:133)
	at dev.pablito.dots.api.discogs.DiscogsClient.requestHandler(DiscogsClient.java:37)
	at dev.pablito.dots.api.discogs.DiscogsClient.getDiscogsMessages(DiscogsClient.java:223)
	at dev.pablito.dots.services.MessageService.updateMessages(MessageService.java:68)
	at dev.pablito.dots.services.MessageService.updateUnarchivedMessages(MessageService.java:33)
	at dev.pablito.dots.scheduler.MessagesScheduler.updateUnarchivedMessages(MessagesScheduler.java:35)
	at java.base/jdk.internal.reflect.DirectMethodHandleAccessor.invoke(DirectMethodHandleAccessor.java:103)
	at java.base/java.lang.reflect.Method.invoke(Method.java:580)
	at org.springframework.scheduling.support.ScheduledMethodRunnable.runInternal(ScheduledMethodRunnable.java:130)
	at org.springframework.scheduling.support.ScheduledMethodRunnable.lambda$run$2(ScheduledMethodRunnable.java:124)
	at io.micrometer.observation.Observation.observe(Observation.java:499)
	at org.springframework.scheduling.support.ScheduledMethodRunnable.run(ScheduledMethodRunnable.java:124)
	at org.springframework.scheduling.support.DelegatingErrorHandlingRunnable.run(DelegatingErrorHandlingRunnable.java:54)
	at java.base/java.util.concurrent.Executors$RunnableAdapter.call(Executors.java:572)
	at java.base/java.util.concurrent.FutureTask.runAndReset(FutureTask.java:358)
	at java.base/java.util.concurrent.ScheduledThreadPoolExecutor$ScheduledFutureTask.run(ScheduledThreadPoolExecutor.java:305)
	at java.base/java.util.concurrent.ThreadPoolExecutor.runWorker(ThreadPoolExecutor.java:1144)
	at java.base/java.util.concurrent.ThreadPoolExecutor$Worker.run(ThreadPoolExecutor.java:642)
	at java.base/java.lang.Thread.run(Thread.java:1570)
2025-02-07 16:54:53 [scheduling-1] INFO  d.p.dots.scheduler.MessagesScheduler - [TASK START] updateUnarchivedMessages()
2025-02-07 16:56:01 [scheduling-1] ERROR d.p.dots.scheduler.MessagesScheduler - [TASK ERROR] updateUnarchivedMessages() 
java.lang.InterruptedException: sleep interrupted
	at java.base/java.lang.Thread.sleepNanos0(Native Method)
	at java.base/java.lang.Thread.sleepNanos(Thread.java:491)
	at java.base/java.lang.Thread.sleep(Thread.java:522)
	at dev.pablito.dots.services.MessageService.updateUnarchivedMessages(MessageService.java:34)
	at dev.pablito.dots.scheduler.MessagesScheduler.updateUnarchivedMessages(MessagesScheduler.java:35)
	at java.base/jdk.internal.reflect.DirectMethodHandleAccessor.invoke(DirectMethodHandleAccessor.java:103)
	at java.base/java.lang.reflect.Method.invoke(Method.java:580)
	at org.springframework.scheduling.support.ScheduledMethodRunnable.runInternal(ScheduledMethodRunnable.java:130)
	at org.springframework.scheduling.support.ScheduledMethodRunnable.lambda$run$2(ScheduledMethodRunnable.java:124)
	at io.micrometer.observation.Observation.observe(Observation.java:499)
	at org.springframework.scheduling.support.ScheduledMethodRunnable.run(ScheduledMethodRunnable.java:124)
	at org.springframework.scheduling.support.DelegatingErrorHandlingRunnable.run(DelegatingErrorHandlingRunnable.java:54)
	at java.base/java.util.concurrent.Executors$RunnableAdapter.call(Executors.java:572)
	at java.base/java.util.concurrent.FutureTask.runAndReset(FutureTask.java:358)
	at java.base/java.util.concurrent.ScheduledThreadPoolExecutor$ScheduledFutureTask.run(ScheduledThreadPoolExecutor.java:305)
	at java.base/java.util.concurrent.ThreadPoolExecutor.runWorker(ThreadPoolExecutor.java:1144)
	at java.base/java.util.concurrent.ThreadPoolExecutor$Worker.run(ThreadPoolExecutor.java:642)
	at java.base/java.lang.Thread.run(Thread.java:1570)
2025-02-07 16:56:02 [scheduling-1] INFO  d.p.dots.scheduler.MessagesScheduler - [TASK START] updateUnarchivedMessages()
2025-02-07 16:56:55 [scheduling-1] ERROR d.p.dots.scheduler.MessagesScheduler - [TASK ERROR] updateUnarchivedMessages() 
java.lang.InterruptedException: sleep interrupted
	at java.base/java.lang.Thread.sleepNanos0(Native Method)
	at java.base/java.lang.Thread.sleepNanos(Thread.java:491)
	at java.base/java.lang.Thread.sleep(Thread.java:522)
	at dev.pablito.dots.services.MessageService.updateUnarchivedMessages(MessageService.java:34)
	at dev.pablito.dots.scheduler.MessagesScheduler.updateUnarchivedMessages(MessagesScheduler.java:35)
	at java.base/jdk.internal.reflect.DirectMethodHandleAccessor.invoke(DirectMethodHandleAccessor.java:103)
	at java.base/java.lang.reflect.Method.invoke(Method.java:580)
	at org.springframework.scheduling.support.ScheduledMethodRunnable.runInternal(ScheduledMethodRunnable.java:130)
	at org.springframework.scheduling.support.ScheduledMethodRunnable.lambda$run$2(ScheduledMethodRunnable.java:124)
	at io.micrometer.observation.Observation.observe(Observation.java:499)
	at org.springframework.scheduling.support.ScheduledMethodRunnable.run(ScheduledMethodRunnable.java:124)
	at org.springframework.scheduling.support.DelegatingErrorHandlingRunnable.run(DelegatingErrorHandlingRunnable.java:54)
	at java.base/java.util.concurrent.Executors$RunnableAdapter.call(Executors.java:572)
	at java.base/java.util.concurrent.FutureTask.runAndReset(FutureTask.java:358)
	at java.base/java.util.concurrent.ScheduledThreadPoolExecutor$ScheduledFutureTask.run(ScheduledThreadPoolExecutor.java:305)
	at java.base/java.util.concurrent.ThreadPoolExecutor.runWorker(ThreadPoolExecutor.java:1144)
	at java.base/java.util.concurrent.ThreadPoolExecutor$Worker.run(ThreadPoolExecutor.java:642)
	at java.base/java.lang.Thread.run(Thread.java:1570)
2025-02-07 16:56:56 [scheduling-1] INFO  d.p.dots.scheduler.MessagesScheduler - [TASK START] updateUnarchivedMessages()
2025-02-07 16:57:28 [scheduling-1] ERROR d.p.dots.scheduler.MessagesScheduler - [TASK ERROR] updateUnarchivedMessages() 
java.lang.InterruptedException: sleep interrupted
	at java.base/java.lang.Thread.sleepNanos0(Native Method)
	at java.base/java.lang.Thread.sleepNanos(Thread.java:491)
	at java.base/java.lang.Thread.sleep(Thread.java:522)
	at dev.pablito.dots.services.MessageService.updateUnarchivedMessages(MessageService.java:34)
	at dev.pablito.dots.scheduler.MessagesScheduler.updateUnarchivedMessages(MessagesScheduler.java:35)
	at java.base/jdk.internal.reflect.DirectMethodHandleAccessor.invoke(DirectMethodHandleAccessor.java:103)
	at java.base/java.lang.reflect.Method.invoke(Method.java:580)
	at org.springframework.scheduling.support.ScheduledMethodRunnable.runInternal(ScheduledMethodRunnable.java:130)
	at org.springframework.scheduling.support.ScheduledMethodRunnable.lambda$run$2(ScheduledMethodRunnable.java:124)
	at io.micrometer.observation.Observation.observe(Observation.java:499)
	at org.springframework.scheduling.support.ScheduledMethodRunnable.run(ScheduledMethodRunnable.java:124)
	at org.springframework.scheduling.support.DelegatingErrorHandlingRunnable.run(DelegatingErrorHandlingRunnable.java:54)
	at java.base/java.util.concurrent.Executors$RunnableAdapter.call(Executors.java:572)
	at java.base/java.util.concurrent.FutureTask.runAndReset(FutureTask.java:358)
	at java.base/java.util.concurrent.ScheduledThreadPoolExecutor$ScheduledFutureTask.run(ScheduledThreadPoolExecutor.java:305)
	at java.base/java.util.concurrent.ThreadPoolExecutor.runWorker(ThreadPoolExecutor.java:1144)
	at java.base/java.util.concurrent.ThreadPoolExecutor$Worker.run(ThreadPoolExecutor.java:642)
	at java.base/java.lang.Thread.run(Thread.java:1570)
2025-02-07 16:57:28 [scheduling-1] INFO  d.p.dots.scheduler.MessagesScheduler - [TASK START] updateUnarchivedMessages()
2025-02-07 17:01:45 [scheduling-1] INFO  d.p.dots.scheduler.MessagesScheduler - [SCHEDULED START] updateUnarchivedMessages()
2025-02-07 17:02:11 [scheduling-1] INFO  d.p.dots.scheduler.OrderScheduler - [SCHEDULED START] checkOrdersInDiscogs()
2025-02-07 17:02:12 [scheduling-1] INFO  d.p.dots.scheduler.OrderScheduler - [SCHEDULED END] checkOrdersInDiscogs() - 1 s 
2025-02-07 17:03:11 [scheduling-1] INFO  d.p.dots.scheduler.OrderScheduler - [SCHEDULED START] checkOrdersInDiscogs()
2025-02-07 17:03:11 [scheduling-1] INFO  d.p.dots.scheduler.OrderScheduler - [SCHEDULED END] checkOrdersInDiscogs() - 0 s 
2025-02-07 17:04:04 [scheduling-1] INFO  d.p.dots.scheduler.OrderScheduler - [SCHEDULED START] checkOrdersInDiscogs()
2025-02-07 17:04:04 [scheduling-1] INFO  d.p.dots.scheduler.OrderScheduler - [SCHEDULED END] checkOrdersInDiscogs() - 0 s 
2025-02-07 17:05:04 [scheduling-1] INFO  d.p.dots.scheduler.OrderScheduler - [SCHEDULED START] checkOrdersInDiscogs()
2025-02-07 17:05:04 [scheduling-1] INFO  d.p.dots.scheduler.OrderScheduler - [SCHEDULED END] checkOrdersInDiscogs() - 0 s 
2025-02-07 17:05:44 [scheduling-1] INFO  d.p.dots.scheduler.OrderScheduler - [SCHEDULED START] checkOrdersInDiscogs()
2025-02-07 17:05:45 [scheduling-1] INFO  d.p.dots.scheduler.OrderScheduler - [SCHEDULED END] checkOrdersInDiscogs() - 0 s 
2025-02-07 17:05:46 [scheduling-1] INFO  d.p.dots.scheduler.OrderScheduler - [SCHEDULED START] checkOrdersInDiscogs()
2025-02-07 17:05:47 [scheduling-1] INFO  d.p.dots.scheduler.OrderScheduler - [SCHEDULED END] checkOrdersInDiscogs() - 0 s 
2025-02-07 17:06:29 [scheduling-1] INFO  d.p.dots.scheduler.OrderScheduler - [SCHEDULED START] checkOrdersInDiscogs()
2025-02-07 17:06:37 [scheduling-1] INFO  d.p.dots.scheduler.OrderScheduler - [SCHEDULED START] checkOrdersInDiscogs()
2025-02-07 17:06:51 [scheduling-1] ERROR d.p.dots.scheduler.OrderScheduler - [SCHEDULED ERROR] checkOrdersInDiscogs() 
org.springframework.dao.DuplicateKeyException: Write operation error on server ac-fqxvp0u-shard-00-02.kh5tlae.mongodb.net:27017. Write error: WriteError{code=11000, message='E11000 duplicate key error collection: dots-db.Orders index: _id_ dup key: { _id: "4635827-919" }', details={}}.
	at org.springframework.data.mongodb.core.MongoExceptionTranslator.translateExceptionIfPossible(MongoExceptionTranslator.java:99)
	at org.springframework.data.mongodb.core.MongoTemplate.potentiallyConvertRuntimeException(MongoTemplate.java:3008)
	at org.springframework.data.mongodb.core.MongoTemplate.execute(MongoTemplate.java:605)
	at org.springframework.data.mongodb.core.MongoTemplate.insertDocument(MongoTemplate.java:1536)
	at org.springframework.data.mongodb.core.MongoTemplate.doInsert(MongoTemplate.java:1337)
	at org.springframework.data.mongodb.core.MongoTemplate.insert(MongoTemplate.java:1263)
	at org.springframework.data.mongodb.repository.support.SimpleMongoRepository.insert(SimpleMongoRepository.java:248)
	at java.base/jdk.internal.reflect.DirectMethodHandleAccessor.invoke(DirectMethodHandleAccessor.java:103)
	at java.base/java.lang.reflect.Method.invoke(Method.java:580)
	at org.springframework.aop.support.AopUtils.invokeJoinpointUsingReflection(AopUtils.java:354)
	at org.springframework.data.repository.core.support.RepositoryMethodInvoker$RepositoryFragmentMethodInvoker.lambda$new$0(RepositoryMethodInvoker.java:277)
	at org.springframework.data.repository.core.support.RepositoryMethodInvoker.doInvoke(RepositoryMethodInvoker.java:170)
	at org.springframework.data.repository.core.support.RepositoryMethodInvoker.invoke(RepositoryMethodInvoker.java:158)
	at org.springframework.data.repository.core.support.RepositoryComposition$RepositoryFragments.invoke(RepositoryComposition.java:516)
	at org.springframework.data.repository.core.support.RepositoryComposition.invoke(RepositoryComposition.java:285)
	at org.springframework.data.repository.core.support.RepositoryFactorySupport$ImplementationMethodExecutionInterceptor.invoke(RepositoryFactorySupport.java:628)
	at org.springframework.aop.framework.ReflectiveMethodInvocation.proceed(ReflectiveMethodInvocation.java:184)
	at org.springframework.data.repository.core.support.QueryExecutorMethodInterceptor.doInvoke(QueryExecutorMethodInterceptor.java:168)
	at org.springframework.data.repository.core.support.QueryExecutorMethodInterceptor.invoke(QueryExecutorMethodInterceptor.java:143)
	at org.springframework.aop.framework.ReflectiveMethodInvocation.proceed(ReflectiveMethodInvocation.java:184)
	at org.springframework.data.projection.DefaultMethodInvokingMethodInterceptor.invoke(DefaultMethodInvokingMethodInterceptor.java:70)
	at org.springframework.aop.framework.ReflectiveMethodInvocation.proceed(ReflectiveMethodInvocation.java:184)
	at org.springframework.data.mongodb.repository.support.CrudMethodMetadataPostProcessor$CrudMethodMetadataPopulatingMethodInterceptor.invoke(CrudMethodMetadataPostProcessor.java:158)
	at org.springframework.aop.framework.ReflectiveMethodInvocation.proceed(ReflectiveMethodInvocation.java:184)
	at org.springframework.aop.interceptor.ExposeInvocationInterceptor.invoke(ExposeInvocationInterceptor.java:97)
	at org.springframework.aop.framework.ReflectiveMethodInvocation.proceed(ReflectiveMethodInvocation.java:184)
	at org.springframework.aop.framework.JdkDynamicAopProxy.invoke(JdkDynamicAopProxy.java:223)
	at jdk.proxy8/jdk.proxy8.$Proxy125.insert(Unknown Source)
	at java.base/jdk.internal.reflect.DirectMethodHandleAccessor.invoke(DirectMethodHandleAccessor.java:103)
	at java.base/java.lang.reflect.Method.invoke(Method.java:580)
	at org.springframework.aop.support.AopUtils.invokeJoinpointUsingReflection(AopUtils.java:354)
	at org.springframework.aop.framework.ReflectiveMethodInvocation.invokeJoinpoint(ReflectiveMethodInvocation.java:196)
	at org.springframework.aop.framework.ReflectiveMethodInvocation.proceed(ReflectiveMethodInvocation.java:163)
	at org.springframework.dao.support.PersistenceExceptionTranslationInterceptor.invoke(PersistenceExceptionTranslationInterceptor.java:138)
	at org.springframework.aop.framework.ReflectiveMethodInvocation.proceed(ReflectiveMethodInvocation.java:184)
	at org.springframework.aop.framework.JdkDynamicAopProxy.invoke(JdkDynamicAopProxy.java:223)
	at jdk.proxy8/jdk.proxy8.$Proxy125.insert(Unknown Source)
	at dev.pablito.dots.services.OrderService.createDatabaseOrder(OrderService.java:303)
	at dev.pablito.dots.services.OrderService.checkOrdersInDiscogs(OrderService.java:120)
	at dev.pablito.dots.scheduler.OrderScheduler.checkOrdersInDiscogs(OrderScheduler.java:33)
	at java.base/jdk.internal.reflect.DirectMethodHandleAccessor.invoke(DirectMethodHandleAccessor.java:103)
	at java.base/java.lang.reflect.Method.invoke(Method.java:580)
	at org.springframework.scheduling.support.ScheduledMethodRunnable.runInternal(ScheduledMethodRunnable.java:130)
	at org.springframework.scheduling.support.ScheduledMethodRunnable.lambda$run$2(ScheduledMethodRunnable.java:124)
	at io.micrometer.observation.Observation.observe(Observation.java:499)
	at org.springframework.scheduling.support.ScheduledMethodRunnable.run(ScheduledMethodRunnable.java:124)
	at org.springframework.scheduling.support.DelegatingErrorHandlingRunnable.run(DelegatingErrorHandlingRunnable.java:54)
	at java.base/java.util.concurrent.Executors$RunnableAdapter.call(Executors.java:572)
	at java.base/java.util.concurrent.FutureTask.runAndReset(FutureTask.java:358)
	at java.base/java.util.concurrent.ScheduledThreadPoolExecutor$ScheduledFutureTask.run(ScheduledThreadPoolExecutor.java:305)
	at java.base/java.util.concurrent.ThreadPoolExecutor.runWorker(ThreadPoolExecutor.java:1144)
	at java.base/java.util.concurrent.ThreadPoolExecutor$Worker.run(ThreadPoolExecutor.java:642)
	at java.base/java.lang.Thread.run(Thread.java:1570)
Caused by: com.mongodb.MongoWriteException: Write operation error on server ac-fqxvp0u-shard-00-02.kh5tlae.mongodb.net:27017. Write error: WriteError{code=11000, message='E11000 duplicate key error collection: dots-db.Orders index: _id_ dup key: { _id: "4635827-919" }', details={}}.
	at com.mongodb.client.internal.MongoCollectionImpl.executeSingleWriteRequest(MongoCollectionImpl.java:1091)
	at com.mongodb.client.internal.MongoCollectionImpl.executeInsertOne(MongoCollectionImpl.java:477)
	at com.mongodb.client.internal.MongoCollectionImpl.insertOne(MongoCollectionImpl.java:460)
	at com.mongodb.client.internal.MongoCollectionImpl.insertOne(MongoCollectionImpl.java:454)
	at org.springframework.data.mongodb.core.MongoTemplate.lambda$insertDocument$17(MongoTemplate.java:1542)
	at org.springframework.data.mongodb.core.MongoTemplate.execute(MongoTemplate.java:603)
	... 50 common frames omitted
2025-02-07 17:06:52 [scheduling-1] INFO  d.p.dots.scheduler.OrderScheduler - [SCHEDULED START] checkOrdersInDiscogs()
2025-02-07 17:07:05 [scheduling-1] ERROR d.p.dots.scheduler.OrderScheduler - [SCHEDULED ERROR] checkOrdersInDiscogs() 
org.springframework.dao.DuplicateKeyException: Write operation error on server ac-fqxvp0u-shard-00-02.kh5tlae.mongodb.net:27017. Write error: WriteError{code=11000, message='E11000 duplicate key error collection: dots-db.Orders index: _id_ dup key: { _id: "4635827-919" }', details={}}.
	at org.springframework.data.mongodb.core.MongoExceptionTranslator.translateExceptionIfPossible(MongoExceptionTranslator.java:99)
	at org.springframework.data.mongodb.core.MongoTemplate.potentiallyConvertRuntimeException(MongoTemplate.java:3008)
	at org.springframework.data.mongodb.core.MongoTemplate.execute(MongoTemplate.java:605)
	at org.springframework.data.mongodb.core.MongoTemplate.insertDocument(MongoTemplate.java:1536)
	at org.springframework.data.mongodb.core.MongoTemplate.doInsert(MongoTemplate.java:1337)
	at org.springframework.data.mongodb.core.MongoTemplate.insert(MongoTemplate.java:1263)
	at org.springframework.data.mongodb.repository.support.SimpleMongoRepository.insert(SimpleMongoRepository.java:248)
	at java.base/jdk.internal.reflect.DirectMethodHandleAccessor.invoke(DirectMethodHandleAccessor.java:103)
	at java.base/java.lang.reflect.Method.invoke(Method.java:580)
	at org.springframework.aop.support.AopUtils.invokeJoinpointUsingReflection(AopUtils.java:354)
	at org.springframework.data.repository.core.support.RepositoryMethodInvoker$RepositoryFragmentMethodInvoker.lambda$new$0(RepositoryMethodInvoker.java:277)
	at org.springframework.data.repository.core.support.RepositoryMethodInvoker.doInvoke(RepositoryMethodInvoker.java:170)
	at org.springframework.data.repository.core.support.RepositoryMethodInvoker.invoke(RepositoryMethodInvoker.java:158)
	at org.springframework.data.repository.core.support.RepositoryComposition$RepositoryFragments.invoke(RepositoryComposition.java:516)
	at org.springframework.data.repository.core.support.RepositoryComposition.invoke(RepositoryComposition.java:285)
	at org.springframework.data.repository.core.support.RepositoryFactorySupport$ImplementationMethodExecutionInterceptor.invoke(RepositoryFactorySupport.java:628)
	at org.springframework.aop.framework.ReflectiveMethodInvocation.proceed(ReflectiveMethodInvocation.java:184)
	at org.springframework.data.repository.core.support.QueryExecutorMethodInterceptor.doInvoke(QueryExecutorMethodInterceptor.java:168)
	at org.springframework.data.repository.core.support.QueryExecutorMethodInterceptor.invoke(QueryExecutorMethodInterceptor.java:143)
	at org.springframework.aop.framework.ReflectiveMethodInvocation.proceed(ReflectiveMethodInvocation.java:184)
	at org.springframework.data.projection.DefaultMethodInvokingMethodInterceptor.invoke(DefaultMethodInvokingMethodInterceptor.java:70)
	at org.springframework.aop.framework.ReflectiveMethodInvocation.proceed(ReflectiveMethodInvocation.java:184)
	at org.springframework.data.mongodb.repository.support.CrudMethodMetadataPostProcessor$CrudMethodMetadataPopulatingMethodInterceptor.invoke(CrudMethodMetadataPostProcessor.java:158)
	at org.springframework.aop.framework.ReflectiveMethodInvocation.proceed(ReflectiveMethodInvocation.java:184)
	at org.springframework.aop.interceptor.ExposeInvocationInterceptor.invoke(ExposeInvocationInterceptor.java:97)
	at org.springframework.aop.framework.ReflectiveMethodInvocation.proceed(ReflectiveMethodInvocation.java:184)
	at org.springframework.aop.framework.JdkDynamicAopProxy.invoke(JdkDynamicAopProxy.java:223)
	at jdk.proxy9/jdk.proxy9.$Proxy130.insert(Unknown Source)
	at java.base/jdk.internal.reflect.DirectMethodHandleAccessor.invoke(DirectMethodHandleAccessor.java:103)
	at java.base/java.lang.reflect.Method.invoke(Method.java:580)
	at org.springframework.aop.support.AopUtils.invokeJoinpointUsingReflection(AopUtils.java:354)
	at org.springframework.aop.framework.ReflectiveMethodInvocation.invokeJoinpoint(ReflectiveMethodInvocation.java:196)
	at org.springframework.aop.framework.ReflectiveMethodInvocation.proceed(ReflectiveMethodInvocation.java:163)
	at org.springframework.dao.support.PersistenceExceptionTranslationInterceptor.invoke(PersistenceExceptionTranslationInterceptor.java:138)
	at org.springframework.aop.framework.ReflectiveMethodInvocation.proceed(ReflectiveMethodInvocation.java:184)
	at org.springframework.aop.framework.JdkDynamicAopProxy.invoke(JdkDynamicAopProxy.java:223)
	at jdk.proxy9/jdk.proxy9.$Proxy130.insert(Unknown Source)
	at dev.pablito.dots.services.OrderService.createDatabaseOrder(OrderService.java:298)
	at dev.pablito.dots.services.OrderService.checkOrdersInDiscogs(OrderService.java:120)
	at dev.pablito.dots.scheduler.OrderScheduler.checkOrdersInDiscogs(OrderScheduler.java:33)
	at java.base/jdk.internal.reflect.DirectMethodHandleAccessor.invoke(DirectMethodHandleAccessor.java:103)
	at java.base/java.lang.reflect.Method.invoke(Method.java:580)
	at org.springframework.scheduling.support.ScheduledMethodRunnable.runInternal(ScheduledMethodRunnable.java:130)
	at org.springframework.scheduling.support.ScheduledMethodRunnable.lambda$run$2(ScheduledMethodRunnable.java:124)
	at io.micrometer.observation.Observation.observe(Observation.java:499)
	at org.springframework.scheduling.support.ScheduledMethodRunnable.run(ScheduledMethodRunnable.java:124)
	at org.springframework.scheduling.support.DelegatingErrorHandlingRunnable.run(DelegatingErrorHandlingRunnable.java:54)
	at java.base/java.util.concurrent.Executors$RunnableAdapter.call(Executors.java:572)
	at java.base/java.util.concurrent.FutureTask.runAndReset(FutureTask.java:358)
	at java.base/java.util.concurrent.ScheduledThreadPoolExecutor$ScheduledFutureTask.run(ScheduledThreadPoolExecutor.java:305)
	at java.base/java.util.concurrent.ThreadPoolExecutor.runWorker(ThreadPoolExecutor.java:1144)
	at java.base/java.util.concurrent.ThreadPoolExecutor$Worker.run(ThreadPoolExecutor.java:642)
	at java.base/java.lang.Thread.run(Thread.java:1570)
Caused by: com.mongodb.MongoWriteException: Write operation error on server ac-fqxvp0u-shard-00-02.kh5tlae.mongodb.net:27017. Write error: WriteError{code=11000, message='E11000 duplicate key error collection: dots-db.Orders index: _id_ dup key: { _id: "4635827-919" }', details={}}.
	at com.mongodb.client.internal.MongoCollectionImpl.executeSingleWriteRequest(MongoCollectionImpl.java:1091)
	at com.mongodb.client.internal.MongoCollectionImpl.executeInsertOne(MongoCollectionImpl.java:477)
	at com.mongodb.client.internal.MongoCollectionImpl.insertOne(MongoCollectionImpl.java:460)
	at com.mongodb.client.internal.MongoCollectionImpl.insertOne(MongoCollectionImpl.java:454)
	at org.springframework.data.mongodb.core.MongoTemplate.lambda$insertDocument$17(MongoTemplate.java:1542)
	at org.springframework.data.mongodb.core.MongoTemplate.execute(MongoTemplate.java:603)
	... 50 common frames omitted
2025-02-07 17:07:42 [scheduling-1] INFO  d.p.dots.scheduler.OrderScheduler - [SCHEDULED START] checkOrdersInDiscogs()
2025-02-07 17:07:55 [scheduling-1] ERROR d.p.dots.scheduler.OrderScheduler - [SCHEDULED ERROR] checkOrdersInDiscogs() 
org.springframework.dao.DuplicateKeyException: Write operation error on server ac-fqxvp0u-shard-00-02.kh5tlae.mongodb.net:27017. Write error: WriteError{code=11000, message='E11000 duplicate key error collection: dots-db.Orders index: _id_ dup key: { _id: "4635827-919" }', details={}}.
	at org.springframework.data.mongodb.core.MongoExceptionTranslator.translateExceptionIfPossible(MongoExceptionTranslator.java:99)
	at org.springframework.data.mongodb.core.MongoTemplate.potentiallyConvertRuntimeException(MongoTemplate.java:3008)
	at org.springframework.data.mongodb.core.MongoTemplate.execute(MongoTemplate.java:605)
	at org.springframework.data.mongodb.core.MongoTemplate.insertDocument(MongoTemplate.java:1536)
	at org.springframework.data.mongodb.core.MongoTemplate.doInsert(MongoTemplate.java:1337)
	at org.springframework.data.mongodb.core.MongoTemplate.insert(MongoTemplate.java:1263)
	at org.springframework.data.mongodb.repository.support.SimpleMongoRepository.insert(SimpleMongoRepository.java:248)
	at java.base/jdk.internal.reflect.DirectMethodHandleAccessor.invoke(DirectMethodHandleAccessor.java:103)
	at java.base/java.lang.reflect.Method.invoke(Method.java:580)
	at org.springframework.aop.support.AopUtils.invokeJoinpointUsingReflection(AopUtils.java:354)
	at org.springframework.data.repository.core.support.RepositoryMethodInvoker$RepositoryFragmentMethodInvoker.lambda$new$0(RepositoryMethodInvoker.java:277)
	at org.springframework.data.repository.core.support.RepositoryMethodInvoker.doInvoke(RepositoryMethodInvoker.java:170)
	at org.springframework.data.repository.core.support.RepositoryMethodInvoker.invoke(RepositoryMethodInvoker.java:158)
	at org.springframework.data.repository.core.support.RepositoryComposition$RepositoryFragments.invoke(RepositoryComposition.java:516)
	at org.springframework.data.repository.core.support.RepositoryComposition.invoke(RepositoryComposition.java:285)
	at org.springframework.data.repository.core.support.RepositoryFactorySupport$ImplementationMethodExecutionInterceptor.invoke(RepositoryFactorySupport.java:628)
	at org.springframework.aop.framework.ReflectiveMethodInvocation.proceed(ReflectiveMethodInvocation.java:184)
	at org.springframework.data.repository.core.support.QueryExecutorMethodInterceptor.doInvoke(QueryExecutorMethodInterceptor.java:168)
	at org.springframework.data.repository.core.support.QueryExecutorMethodInterceptor.invoke(QueryExecutorMethodInterceptor.java:143)
	at org.springframework.aop.framework.ReflectiveMethodInvocation.proceed(ReflectiveMethodInvocation.java:184)
	at org.springframework.data.projection.DefaultMethodInvokingMethodInterceptor.invoke(DefaultMethodInvokingMethodInterceptor.java:70)
	at org.springframework.aop.framework.ReflectiveMethodInvocation.proceed(ReflectiveMethodInvocation.java:184)
	at org.springframework.data.mongodb.repository.support.CrudMethodMetadataPostProcessor$CrudMethodMetadataPopulatingMethodInterceptor.invoke(CrudMethodMetadataPostProcessor.java:158)
	at org.springframework.aop.framework.ReflectiveMethodInvocation.proceed(ReflectiveMethodInvocation.java:184)
	at org.springframework.aop.interceptor.ExposeInvocationInterceptor.invoke(ExposeInvocationInterceptor.java:97)
	at org.springframework.aop.framework.ReflectiveMethodInvocation.proceed(ReflectiveMethodInvocation.java:184)
	at org.springframework.aop.framework.JdkDynamicAopProxy.invoke(JdkDynamicAopProxy.java:223)
	at jdk.proxy10/jdk.proxy10.$Proxy135.insert(Unknown Source)
	at java.base/jdk.internal.reflect.DirectMethodHandleAccessor.invoke(DirectMethodHandleAccessor.java:103)
	at java.base/java.lang.reflect.Method.invoke(Method.java:580)
	at org.springframework.aop.support.AopUtils.invokeJoinpointUsingReflection(AopUtils.java:354)
	at org.springframework.aop.framework.ReflectiveMethodInvocation.invokeJoinpoint(ReflectiveMethodInvocation.java:196)
	at org.springframework.aop.framework.ReflectiveMethodInvocation.proceed(ReflectiveMethodInvocation.java:163)
	at org.springframework.dao.support.PersistenceExceptionTranslationInterceptor.invoke(PersistenceExceptionTranslationInterceptor.java:138)
	at org.springframework.aop.framework.ReflectiveMethodInvocation.proceed(ReflectiveMethodInvocation.java:184)
	at org.springframework.aop.framework.JdkDynamicAopProxy.invoke(JdkDynamicAopProxy.java:223)
	at jdk.proxy10/jdk.proxy10.$Proxy135.insert(Unknown Source)
	at dev.pablito.dots.services.OrderService.createDatabaseOrder(OrderService.java:298)
	at dev.pablito.dots.services.OrderService.checkOrdersInDiscogs(OrderService.java:120)
	at dev.pablito.dots.scheduler.OrderScheduler.checkOrdersInDiscogs(OrderScheduler.java:33)
	at java.base/jdk.internal.reflect.DirectMethodHandleAccessor.invoke(DirectMethodHandleAccessor.java:103)
	at java.base/java.lang.reflect.Method.invoke(Method.java:580)
	at org.springframework.scheduling.support.ScheduledMethodRunnable.runInternal(ScheduledMethodRunnable.java:130)
	at org.springframework.scheduling.support.ScheduledMethodRunnable.lambda$run$2(ScheduledMethodRunnable.java:124)
	at io.micrometer.observation.Observation.observe(Observation.java:499)
	at org.springframework.scheduling.support.ScheduledMethodRunnable.run(ScheduledMethodRunnable.java:124)
	at org.springframework.scheduling.support.DelegatingErrorHandlingRunnable.run(DelegatingErrorHandlingRunnable.java:54)
	at java.base/java.util.concurrent.Executors$RunnableAdapter.call(Executors.java:572)
	at java.base/java.util.concurrent.FutureTask.runAndReset(FutureTask.java:358)
	at java.base/java.util.concurrent.ScheduledThreadPoolExecutor$ScheduledFutureTask.run(ScheduledThreadPoolExecutor.java:305)
	at java.base/java.util.concurrent.ThreadPoolExecutor.runWorker(ThreadPoolExecutor.java:1144)
	at java.base/java.util.concurrent.ThreadPoolExecutor$Worker.run(ThreadPoolExecutor.java:642)
	at java.base/java.lang.Thread.run(Thread.java:1570)
Caused by: com.mongodb.MongoWriteException: Write operation error on server ac-fqxvp0u-shard-00-02.kh5tlae.mongodb.net:27017. Write error: WriteError{code=11000, message='E11000 duplicate key error collection: dots-db.Orders index: _id_ dup key: { _id: "4635827-919" }', details={}}.
	at com.mongodb.client.internal.MongoCollectionImpl.executeSingleWriteRequest(MongoCollectionImpl.java:1091)
	at com.mongodb.client.internal.MongoCollectionImpl.executeInsertOne(MongoCollectionImpl.java:477)
	at com.mongodb.client.internal.MongoCollectionImpl.insertOne(MongoCollectionImpl.java:460)
	at com.mongodb.client.internal.MongoCollectionImpl.insertOne(MongoCollectionImpl.java:454)
	at org.springframework.data.mongodb.core.MongoTemplate.lambda$insertDocument$17(MongoTemplate.java:1542)
	at org.springframework.data.mongodb.core.MongoTemplate.execute(MongoTemplate.java:603)
	... 50 common frames omitted
2025-02-07 17:08:42 [scheduling-1] INFO  d.p.dots.scheduler.OrderScheduler - [SCHEDULED START] checkOrdersInDiscogs()
2025-02-07 17:08:54 [scheduling-1] ERROR d.p.dots.scheduler.OrderScheduler - [SCHEDULED ERROR] checkOrdersInDiscogs() 
org.springframework.dao.DuplicateKeyException: Write operation error on server ac-fqxvp0u-shard-00-02.kh5tlae.mongodb.net:27017. Write error: WriteError{code=11000, message='E11000 duplicate key error collection: dots-db.Orders index: _id_ dup key: { _id: "4635827-919" }', details={}}.
	at org.springframework.data.mongodb.core.MongoExceptionTranslator.translateExceptionIfPossible(MongoExceptionTranslator.java:99)
	at org.springframework.data.mongodb.core.MongoTemplate.potentiallyConvertRuntimeException(MongoTemplate.java:3008)
	at org.springframework.data.mongodb.core.MongoTemplate.execute(MongoTemplate.java:605)
	at org.springframework.data.mongodb.core.MongoTemplate.insertDocument(MongoTemplate.java:1536)
	at org.springframework.data.mongodb.core.MongoTemplate.doInsert(MongoTemplate.java:1337)
	at org.springframework.data.mongodb.core.MongoTemplate.insert(MongoTemplate.java:1263)
	at org.springframework.data.mongodb.repository.support.SimpleMongoRepository.insert(SimpleMongoRepository.java:248)
	at java.base/jdk.internal.reflect.DirectMethodHandleAccessor.invoke(DirectMethodHandleAccessor.java:103)
	at java.base/java.lang.reflect.Method.invoke(Method.java:580)
	at org.springframework.aop.support.AopUtils.invokeJoinpointUsingReflection(AopUtils.java:354)
	at org.springframework.data.repository.core.support.RepositoryMethodInvoker$RepositoryFragmentMethodInvoker.lambda$new$0(RepositoryMethodInvoker.java:277)
	at org.springframework.data.repository.core.support.RepositoryMethodInvoker.doInvoke(RepositoryMethodInvoker.java:170)
	at org.springframework.data.repository.core.support.RepositoryMethodInvoker.invoke(RepositoryMethodInvoker.java:158)
	at org.springframework.data.repository.core.support.RepositoryComposition$RepositoryFragments.invoke(RepositoryComposition.java:516)
	at org.springframework.data.repository.core.support.RepositoryComposition.invoke(RepositoryComposition.java:285)
	at org.springframework.data.repository.core.support.RepositoryFactorySupport$ImplementationMethodExecutionInterceptor.invoke(RepositoryFactorySupport.java:628)
	at org.springframework.aop.framework.ReflectiveMethodInvocation.proceed(ReflectiveMethodInvocation.java:184)
	at org.springframework.data.repository.core.support.QueryExecutorMethodInterceptor.doInvoke(QueryExecutorMethodInterceptor.java:168)
	at org.springframework.data.repository.core.support.QueryExecutorMethodInterceptor.invoke(QueryExecutorMethodInterceptor.java:143)
	at org.springframework.aop.framework.ReflectiveMethodInvocation.proceed(ReflectiveMethodInvocation.java:184)
	at org.springframework.data.projection.DefaultMethodInvokingMethodInterceptor.invoke(DefaultMethodInvokingMethodInterceptor.java:70)
	at org.springframework.aop.framework.ReflectiveMethodInvocation.proceed(ReflectiveMethodInvocation.java:184)
	at org.springframework.data.mongodb.repository.support.CrudMethodMetadataPostProcessor$CrudMethodMetadataPopulatingMethodInterceptor.invoke(CrudMethodMetadataPostProcessor.java:158)
	at org.springframework.aop.framework.ReflectiveMethodInvocation.proceed(ReflectiveMethodInvocation.java:184)
	at org.springframework.aop.interceptor.ExposeInvocationInterceptor.invoke(ExposeInvocationInterceptor.java:97)
	at org.springframework.aop.framework.ReflectiveMethodInvocation.proceed(ReflectiveMethodInvocation.java:184)
	at org.springframework.aop.framework.JdkDynamicAopProxy.invoke(JdkDynamicAopProxy.java:223)
	at jdk.proxy10/jdk.proxy10.$Proxy135.insert(Unknown Source)
	at java.base/jdk.internal.reflect.DirectMethodHandleAccessor.invoke(DirectMethodHandleAccessor.java:103)
	at java.base/java.lang.reflect.Method.invoke(Method.java:580)
	at org.springframework.aop.support.AopUtils.invokeJoinpointUsingReflection(AopUtils.java:354)
	at org.springframework.aop.framework.ReflectiveMethodInvocation.invokeJoinpoint(ReflectiveMethodInvocation.java:196)
	at org.springframework.aop.framework.ReflectiveMethodInvocation.proceed(ReflectiveMethodInvocation.java:163)
	at org.springframework.dao.support.PersistenceExceptionTranslationInterceptor.invoke(PersistenceExceptionTranslationInterceptor.java:138)
	at org.springframework.aop.framework.ReflectiveMethodInvocation.proceed(ReflectiveMethodInvocation.java:184)
	at org.springframework.aop.framework.JdkDynamicAopProxy.invoke(JdkDynamicAopProxy.java:223)
	at jdk.proxy10/jdk.proxy10.$Proxy135.insert(Unknown Source)
	at dev.pablito.dots.services.OrderService.createDatabaseOrder(OrderService.java:298)
	at dev.pablito.dots.services.OrderService.checkOrdersInDiscogs(OrderService.java:120)
	at dev.pablito.dots.scheduler.OrderScheduler.checkOrdersInDiscogs(OrderScheduler.java:33)
	at java.base/jdk.internal.reflect.DirectMethodHandleAccessor.invoke(DirectMethodHandleAccessor.java:103)
	at java.base/java.lang.reflect.Method.invoke(Method.java:580)
	at org.springframework.scheduling.support.ScheduledMethodRunnable.runInternal(ScheduledMethodRunnable.java:130)
	at org.springframework.scheduling.support.ScheduledMethodRunnable.lambda$run$2(ScheduledMethodRunnable.java:124)
	at io.micrometer.observation.Observation.observe(Observation.java:499)
	at org.springframework.scheduling.support.ScheduledMethodRunnable.run(ScheduledMethodRunnable.java:124)
	at org.springframework.scheduling.support.DelegatingErrorHandlingRunnable.run(DelegatingErrorHandlingRunnable.java:54)
	at java.base/java.util.concurrent.Executors$RunnableAdapter.call(Executors.java:572)
	at java.base/java.util.concurrent.FutureTask.runAndReset(FutureTask.java:358)
	at java.base/java.util.concurrent.ScheduledThreadPoolExecutor$ScheduledFutureTask.run(ScheduledThreadPoolExecutor.java:305)
	at java.base/java.util.concurrent.ThreadPoolExecutor.runWorker(ThreadPoolExecutor.java:1144)
	at java.base/java.util.concurrent.ThreadPoolExecutor$Worker.run(ThreadPoolExecutor.java:642)
	at java.base/java.lang.Thread.run(Thread.java:1570)
Caused by: com.mongodb.MongoWriteException: Write operation error on server ac-fqxvp0u-shard-00-02.kh5tlae.mongodb.net:27017. Write error: WriteError{code=11000, message='E11000 duplicate key error collection: dots-db.Orders index: _id_ dup key: { _id: "4635827-919" }', details={}}.
	at com.mongodb.client.internal.MongoCollectionImpl.executeSingleWriteRequest(MongoCollectionImpl.java:1091)
	at com.mongodb.client.internal.MongoCollectionImpl.executeInsertOne(MongoCollectionImpl.java:477)
	at com.mongodb.client.internal.MongoCollectionImpl.insertOne(MongoCollectionImpl.java:460)
	at com.mongodb.client.internal.MongoCollectionImpl.insertOne(MongoCollectionImpl.java:454)
	at org.springframework.data.mongodb.core.MongoTemplate.lambda$insertDocument$17(MongoTemplate.java:1542)
	at org.springframework.data.mongodb.core.MongoTemplate.execute(MongoTemplate.java:603)
	... 50 common frames omitted
2025-02-07 17:09:22 [scheduling-1] INFO  d.p.dots.scheduler.OrderScheduler - [SCHEDULED START] checkOrdersInDiscogs()
2025-02-07 17:09:24 [scheduling-1] ERROR d.p.dots.scheduler.OrderScheduler - [SCHEDULED ERROR] checkOrdersInDiscogs() 
org.springframework.dao.DuplicateKeyException: Write operation error on server ac-fqxvp0u-shard-00-02.kh5tlae.mongodb.net:27017. Write error: WriteError{code=11000, message='E11000 duplicate key error collection: dots-db.Orders index: _id_ dup key: { _id: "4635827-919" }', details={}}.
	at org.springframework.data.mongodb.core.MongoExceptionTranslator.translateExceptionIfPossible(MongoExceptionTranslator.java:99)
	at org.springframework.data.mongodb.core.MongoTemplate.potentiallyConvertRuntimeException(MongoTemplate.java:3008)
	at org.springframework.data.mongodb.core.MongoTemplate.execute(MongoTemplate.java:605)
	at org.springframework.data.mongodb.core.MongoTemplate.insertDocument(MongoTemplate.java:1536)
	at org.springframework.data.mongodb.core.MongoTemplate.doInsert(MongoTemplate.java:1337)
	at org.springframework.data.mongodb.core.MongoTemplate.insert(MongoTemplate.java:1263)
	at org.springframework.data.mongodb.repository.support.SimpleMongoRepository.insert(SimpleMongoRepository.java:248)
	at java.base/jdk.internal.reflect.DirectMethodHandleAccessor.invoke(DirectMethodHandleAccessor.java:103)
	at java.base/java.lang.reflect.Method.invoke(Method.java:580)
	at org.springframework.aop.support.AopUtils.invokeJoinpointUsingReflection(AopUtils.java:354)
	at org.springframework.data.repository.core.support.RepositoryMethodInvoker$RepositoryFragmentMethodInvoker.lambda$new$0(RepositoryMethodInvoker.java:277)
	at org.springframework.data.repository.core.support.RepositoryMethodInvoker.doInvoke(RepositoryMethodInvoker.java:170)
	at org.springframework.data.repository.core.support.RepositoryMethodInvoker.invoke(RepositoryMethodInvoker.java:158)
	at org.springframework.data.repository.core.support.RepositoryComposition$RepositoryFragments.invoke(RepositoryComposition.java:516)
	at org.springframework.data.repository.core.support.RepositoryComposition.invoke(RepositoryComposition.java:285)
	at org.springframework.data.repository.core.support.RepositoryFactorySupport$ImplementationMethodExecutionInterceptor.invoke(RepositoryFactorySupport.java:628)
	at org.springframework.aop.framework.ReflectiveMethodInvocation.proceed(ReflectiveMethodInvocation.java:184)
	at org.springframework.data.repository.core.support.QueryExecutorMethodInterceptor.doInvoke(QueryExecutorMethodInterceptor.java:168)
	at org.springframework.data.repository.core.support.QueryExecutorMethodInterceptor.invoke(QueryExecutorMethodInterceptor.java:143)
	at org.springframework.aop.framework.ReflectiveMethodInvocation.proceed(ReflectiveMethodInvocation.java:184)
	at org.springframework.data.projection.DefaultMethodInvokingMethodInterceptor.invoke(DefaultMethodInvokingMethodInterceptor.java:70)
	at org.springframework.aop.framework.ReflectiveMethodInvocation.proceed(ReflectiveMethodInvocation.java:184)
	at org.springframework.data.mongodb.repository.support.CrudMethodMetadataPostProcessor$CrudMethodMetadataPopulatingMethodInterceptor.invoke(CrudMethodMetadataPostProcessor.java:158)
	at org.springframework.aop.framework.ReflectiveMethodInvocation.proceed(ReflectiveMethodInvocation.java:184)
	at org.springframework.aop.interceptor.ExposeInvocationInterceptor.invoke(ExposeInvocationInterceptor.java:97)
	at org.springframework.aop.framework.ReflectiveMethodInvocation.proceed(ReflectiveMethodInvocation.java:184)
	at org.springframework.aop.framework.JdkDynamicAopProxy.invoke(JdkDynamicAopProxy.java:223)
	at jdk.proxy11/jdk.proxy11.$Proxy140.insert(Unknown Source)
	at java.base/jdk.internal.reflect.DirectMethodHandleAccessor.invoke(DirectMethodHandleAccessor.java:103)
	at java.base/java.lang.reflect.Method.invoke(Method.java:580)
	at org.springframework.aop.support.AopUtils.invokeJoinpointUsingReflection(AopUtils.java:354)
	at org.springframework.aop.framework.ReflectiveMethodInvocation.invokeJoinpoint(ReflectiveMethodInvocation.java:196)
	at org.springframework.aop.framework.ReflectiveMethodInvocation.proceed(ReflectiveMethodInvocation.java:163)
	at org.springframework.dao.support.PersistenceExceptionTranslationInterceptor.invoke(PersistenceExceptionTranslationInterceptor.java:138)
	at org.springframework.aop.framework.ReflectiveMethodInvocation.proceed(ReflectiveMethodInvocation.java:184)
	at org.springframework.aop.framework.JdkDynamicAopProxy.invoke(JdkDynamicAopProxy.java:223)
	at jdk.proxy11/jdk.proxy11.$Proxy140.insert(Unknown Source)
	at dev.pablito.dots.services.OrderService.createDatabaseOrder(OrderService.java:298)
	at dev.pablito.dots.services.OrderService.checkOrdersInDiscogs(OrderService.java:120)
	at dev.pablito.dots.scheduler.OrderScheduler.checkOrdersInDiscogs(OrderScheduler.java:33)
	at java.base/jdk.internal.reflect.DirectMethodHandleAccessor.invoke(DirectMethodHandleAccessor.java:103)
	at java.base/java.lang.reflect.Method.invoke(Method.java:580)
	at org.springframework.scheduling.support.ScheduledMethodRunnable.runInternal(ScheduledMethodRunnable.java:130)
	at org.springframework.scheduling.support.ScheduledMethodRunnable.lambda$run$2(ScheduledMethodRunnable.java:124)
	at io.micrometer.observation.Observation.observe(Observation.java:499)
	at org.springframework.scheduling.support.ScheduledMethodRunnable.run(ScheduledMethodRunnable.java:124)
	at org.springframework.scheduling.support.DelegatingErrorHandlingRunnable.run(DelegatingErrorHandlingRunnable.java:54)
	at java.base/java.util.concurrent.Executors$RunnableAdapter.call(Executors.java:572)
	at java.base/java.util.concurrent.FutureTask.runAndReset(FutureTask.java:358)
	at java.base/java.util.concurrent.ScheduledThreadPoolExecutor$ScheduledFutureTask.run(ScheduledThreadPoolExecutor.java:305)
	at java.base/java.util.concurrent.ThreadPoolExecutor.runWorker(ThreadPoolExecutor.java:1144)
	at java.base/java.util.concurrent.ThreadPoolExecutor$Worker.run(ThreadPoolExecutor.java:642)
	at java.base/java.lang.Thread.run(Thread.java:1570)
Caused by: com.mongodb.MongoWriteException: Write operation error on server ac-fqxvp0u-shard-00-02.kh5tlae.mongodb.net:27017. Write error: WriteError{code=11000, message='E11000 duplicate key error collection: dots-db.Orders index: _id_ dup key: { _id: "4635827-919" }', details={}}.
	at com.mongodb.client.internal.MongoCollectionImpl.executeSingleWriteRequest(MongoCollectionImpl.java:1091)
	at com.mongodb.client.internal.MongoCollectionImpl.executeInsertOne(MongoCollectionImpl.java:477)
	at com.mongodb.client.internal.MongoCollectionImpl.insertOne(MongoCollectionImpl.java:460)
	at com.mongodb.client.internal.MongoCollectionImpl.insertOne(MongoCollectionImpl.java:454)
	at org.springframework.data.mongodb.core.MongoTemplate.lambda$insertDocument$17(MongoTemplate.java:1542)
	at org.springframework.data.mongodb.core.MongoTemplate.execute(MongoTemplate.java:603)
	... 50 common frames omitted
2025-02-07 17:10:13 [scheduling-1] INFO  d.p.dots.scheduler.MessagesScheduler - [SCHEDULED START] updateUnarchivedMessages()
2025-02-07 17:10:14 [scheduling-1] INFO  d.p.dots.scheduler.MessagesScheduler - [SCHEDULED END] updateUnarchivedMessages() - 0 s 
2025-02-07 17:10:14 [scheduling-1] INFO  d.p.dots.scheduler.OrderScheduler - [SCHEDULED START] checkOrdersInDiscogs()
2025-02-07 17:11:55 [scheduling-1] INFO  d.p.dots.scheduler.OrderScheduler - [SCHEDULED END] checkOrdersInDiscogs() - 100 s 
2025-02-07 17:11:56 [scheduling-1] INFO  d.p.dots.scheduler.MessagesScheduler - [SCHEDULED START] updateUnarchivedMessages()
2025-02-07 17:13:07 [scheduling-1] INFO  d.p.dots.scheduler.MessagesScheduler - [SCHEDULED END] updateUnarchivedMessages() - 70 s 
2025-02-07 17:13:07 [scheduling-1] INFO  d.p.dots.scheduler.OrderScheduler - [SCHEDULED START] checkOrdersInDiscogs()
2025-02-07 17:13:07 [scheduling-1] INFO  d.p.dots.scheduler.OrderScheduler - [SCHEDULED END] checkOrdersInDiscogs() - 0 s 
2025-02-07 17:13:07 [scheduling-1] INFO  d.p.dots.scheduler.OrderScheduler - [SCHEDULED START] checkOrdersInDiscogs()
2025-02-07 17:13:08 [scheduling-1] INFO  d.p.dots.scheduler.OrderScheduler - [SCHEDULED END] checkOrdersInDiscogs() - 0 s 
2025-02-07 17:13:20 [scheduling-1] INFO  d.p.dots.scheduler.MessagesScheduler - [SCHEDULED START] updateUnarchivedMessages()
2025-02-07 17:14:26 [scheduling-1] INFO  d.p.dots.scheduler.MessagesScheduler - [SCHEDULED END] updateUnarchivedMessages() - 66 s 
2025-02-07 17:14:26 [scheduling-1] INFO  d.p.dots.scheduler.OrderScheduler - [SCHEDULED START] checkOrdersInDiscogs()
2025-02-07 17:14:27 [scheduling-1] INFO  d.p.dots.scheduler.OrderScheduler - [SCHEDULED END] checkOrdersInDiscogs() - 0 s 
2025-02-07 17:14:27 [scheduling-1] INFO  d.p.dots.scheduler.OrderScheduler - [SCHEDULED START] checkOrdersInDiscogs()
2025-02-07 17:14:27 [scheduling-1] INFO  d.p.dots.scheduler.OrderScheduler - [SCHEDULED END] checkOrdersInDiscogs() - 0 s 
2025-02-07 17:15:19 [scheduling-1] INFO  d.p.dots.scheduler.MessagesScheduler - [SCHEDULED START] updateUnarchivedMessages()
2025-02-07 17:15:51 [scheduling-1] ERROR d.p.dots.scheduler.MessagesScheduler - [SCHEDULED ERROR] updateUnarchivedMessages() 
java.lang.InterruptedException: sleep interrupted
	at java.base/java.lang.Thread.sleepNanos0(Native Method)
	at java.base/java.lang.Thread.sleepNanos(Thread.java:491)
	at java.base/java.lang.Thread.sleep(Thread.java:522)
	at dev.pablito.dots.services.MessageService.updateUnarchivedMessages(MessageService.java:34)
	at dev.pablito.dots.scheduler.MessagesScheduler.updateUnarchivedMessages(MessagesScheduler.java:35)
	at java.base/jdk.internal.reflect.DirectMethodHandleAccessor.invoke(DirectMethodHandleAccessor.java:103)
	at java.base/java.lang.reflect.Method.invoke(Method.java:580)
	at org.springframework.scheduling.support.ScheduledMethodRunnable.runInternal(ScheduledMethodRunnable.java:130)
	at org.springframework.scheduling.support.ScheduledMethodRunnable.lambda$run$2(ScheduledMethodRunnable.java:124)
	at io.micrometer.observation.Observation.observe(Observation.java:499)
	at org.springframework.scheduling.support.ScheduledMethodRunnable.run(ScheduledMethodRunnable.java:124)
	at org.springframework.scheduling.support.DelegatingErrorHandlingRunnable.run(DelegatingErrorHandlingRunnable.java:54)
	at java.base/java.util.concurrent.Executors$RunnableAdapter.call(Executors.java:572)
	at java.base/java.util.concurrent.FutureTask.runAndReset(FutureTask.java:358)
	at java.base/java.util.concurrent.ScheduledThreadPoolExecutor$ScheduledFutureTask.run(ScheduledThreadPoolExecutor.java:305)
	at java.base/java.util.concurrent.ThreadPoolExecutor.runWorker(ThreadPoolExecutor.java:1144)
	at java.base/java.util.concurrent.ThreadPoolExecutor$Worker.run(ThreadPoolExecutor.java:642)
	at java.base/java.lang.Thread.run(Thread.java:1570)
2025-02-07 17:15:52 [scheduling-1] INFO  d.p.dots.scheduler.MessagesScheduler - [SCHEDULED START] updateUnarchivedMessages()
2025-02-07 17:16:24 [scheduling-1] ERROR d.p.dots.scheduler.MessagesScheduler - [SCHEDULED ERROR] updateUnarchivedMessages() 
java.lang.InterruptedException: sleep interrupted
	at java.base/java.lang.Thread.sleepNanos0(Native Method)
	at java.base/java.lang.Thread.sleepNanos(Thread.java:491)
	at java.base/java.lang.Thread.sleep(Thread.java:522)
	at dev.pablito.dots.services.MessageService.updateUnarchivedMessages(MessageService.java:34)
	at dev.pablito.dots.scheduler.MessagesScheduler.updateUnarchivedMessages(MessagesScheduler.java:35)
	at java.base/jdk.internal.reflect.DirectMethodHandleAccessor.invoke(DirectMethodHandleAccessor.java:103)
	at java.base/java.lang.reflect.Method.invoke(Method.java:580)
	at org.springframework.scheduling.support.ScheduledMethodRunnable.runInternal(ScheduledMethodRunnable.java:130)
	at org.springframework.scheduling.support.ScheduledMethodRunnable.lambda$run$2(ScheduledMethodRunnable.java:124)
	at io.micrometer.observation.Observation.observe(Observation.java:499)
	at org.springframework.scheduling.support.ScheduledMethodRunnable.run(ScheduledMethodRunnable.java:124)
	at org.springframework.scheduling.support.DelegatingErrorHandlingRunnable.run(DelegatingErrorHandlingRunnable.java:54)
	at java.base/java.util.concurrent.Executors$RunnableAdapter.call(Executors.java:572)
	at java.base/java.util.concurrent.FutureTask.runAndReset(FutureTask.java:358)
	at java.base/java.util.concurrent.ScheduledThreadPoolExecutor$ScheduledFutureTask.run(ScheduledThreadPoolExecutor.java:305)
	at java.base/java.util.concurrent.ThreadPoolExecutor.runWorker(ThreadPoolExecutor.java:1144)
	at java.base/java.util.concurrent.ThreadPoolExecutor$Worker.run(ThreadPoolExecutor.java:642)
	at java.base/java.lang.Thread.run(Thread.java:1570)
2025-02-07 17:16:24 [scheduling-1] INFO  d.p.dots.scheduler.MessagesScheduler - [SCHEDULED START] updateUnarchivedMessages()
2025-02-07 17:16:56 [scheduling-1] ERROR d.p.dots.scheduler.MessagesScheduler - [SCHEDULED ERROR] updateUnarchivedMessages() 
java.lang.InterruptedException: sleep interrupted
	at java.base/java.lang.Thread.sleepNanos0(Native Method)
	at java.base/java.lang.Thread.sleepNanos(Thread.java:491)
	at java.base/java.lang.Thread.sleep(Thread.java:522)
	at dev.pablito.dots.services.MessageService.updateUnarchivedMessages(MessageService.java:34)
	at dev.pablito.dots.scheduler.MessagesScheduler.updateUnarchivedMessages(MessagesScheduler.java:35)
	at java.base/jdk.internal.reflect.DirectMethodHandleAccessor.invoke(DirectMethodHandleAccessor.java:103)
	at java.base/java.lang.reflect.Method.invoke(Method.java:580)
	at org.springframework.scheduling.support.ScheduledMethodRunnable.runInternal(ScheduledMethodRunnable.java:130)
	at org.springframework.scheduling.support.ScheduledMethodRunnable.lambda$run$2(ScheduledMethodRunnable.java:124)
	at io.micrometer.observation.Observation.observe(Observation.java:499)
	at org.springframework.scheduling.support.ScheduledMethodRunnable.run(ScheduledMethodRunnable.java:124)
	at org.springframework.scheduling.support.DelegatingErrorHandlingRunnable.run(DelegatingErrorHandlingRunnable.java:54)
	at java.base/java.util.concurrent.Executors$RunnableAdapter.call(Executors.java:572)
	at java.base/java.util.concurrent.FutureTask.runAndReset(FutureTask.java:358)
	at java.base/java.util.concurrent.ScheduledThreadPoolExecutor$ScheduledFutureTask.run(ScheduledThreadPoolExecutor.java:305)
	at java.base/java.util.concurrent.ThreadPoolExecutor.runWorker(ThreadPoolExecutor.java:1144)
	at java.base/java.util.concurrent.ThreadPoolExecutor$Worker.run(ThreadPoolExecutor.java:642)
	at java.base/java.lang.Thread.run(Thread.java:1570)
2025-02-07 17:16:57 [scheduling-1] INFO  d.p.dots.scheduler.MessagesScheduler - [SCHEDULED START] updateUnarchivedMessages()
2025-02-07 17:17:28 [scheduling-1] ERROR d.p.dots.scheduler.MessagesScheduler - [SCHEDULED ERROR] updateUnarchivedMessages() 
java.lang.InterruptedException: sleep interrupted
	at java.base/java.lang.Thread.sleepNanos0(Native Method)
	at java.base/java.lang.Thread.sleepNanos(Thread.java:491)
	at java.base/java.lang.Thread.sleep(Thread.java:522)
	at dev.pablito.dots.services.MessageService.updateUnarchivedMessages(MessageService.java:34)
	at dev.pablito.dots.scheduler.MessagesScheduler.updateUnarchivedMessages(MessagesScheduler.java:35)
	at java.base/jdk.internal.reflect.DirectMethodHandleAccessor.invoke(DirectMethodHandleAccessor.java:103)
	at java.base/java.lang.reflect.Method.invoke(Method.java:580)
	at org.springframework.scheduling.support.ScheduledMethodRunnable.runInternal(ScheduledMethodRunnable.java:130)
	at org.springframework.scheduling.support.ScheduledMethodRunnable.lambda$run$2(ScheduledMethodRunnable.java:124)
	at io.micrometer.observation.Observation.observe(Observation.java:499)
	at org.springframework.scheduling.support.ScheduledMethodRunnable.run(ScheduledMethodRunnable.java:124)
	at org.springframework.scheduling.support.DelegatingErrorHandlingRunnable.run(DelegatingErrorHandlingRunnable.java:54)
	at java.base/java.util.concurrent.Executors$RunnableAdapter.call(Executors.java:572)
	at java.base/java.util.concurrent.FutureTask.runAndReset(FutureTask.java:358)
	at java.base/java.util.concurrent.ScheduledThreadPoolExecutor$ScheduledFutureTask.run(ScheduledThreadPoolExecutor.java:305)
	at java.base/java.util.concurrent.ThreadPoolExecutor.runWorker(ThreadPoolExecutor.java:1144)
	at java.base/java.util.concurrent.ThreadPoolExecutor$Worker.run(ThreadPoolExecutor.java:642)
	at java.base/java.lang.Thread.run(Thread.java:1570)
2025-02-07 17:17:29 [scheduling-1] INFO  d.p.dots.scheduler.MessagesScheduler - [SCHEDULED START] updateUnarchivedMessages()
2025-02-07 17:18:08 [scheduling-1] ERROR d.p.dots.scheduler.MessagesScheduler - [SCHEDULED ERROR] updateUnarchivedMessages() 
java.lang.InterruptedException: sleep interrupted
	at java.base/java.lang.Thread.sleepNanos0(Native Method)
	at java.base/java.lang.Thread.sleepNanos(Thread.java:491)
	at java.base/java.lang.Thread.sleep(Thread.java:522)
	at dev.pablito.dots.services.MessageService.updateUnarchivedMessages(MessageService.java:34)
	at dev.pablito.dots.scheduler.MessagesScheduler.updateUnarchivedMessages(MessagesScheduler.java:35)
	at java.base/jdk.internal.reflect.DirectMethodHandleAccessor.invoke(DirectMethodHandleAccessor.java:103)
	at java.base/java.lang.reflect.Method.invoke(Method.java:580)
	at org.springframework.scheduling.support.ScheduledMethodRunnable.runInternal(ScheduledMethodRunnable.java:130)
	at org.springframework.scheduling.support.ScheduledMethodRunnable.lambda$run$2(ScheduledMethodRunnable.java:124)
	at io.micrometer.observation.Observation.observe(Observation.java:499)
	at org.springframework.scheduling.support.ScheduledMethodRunnable.run(ScheduledMethodRunnable.java:124)
	at org.springframework.scheduling.support.DelegatingErrorHandlingRunnable.run(DelegatingErrorHandlingRunnable.java:54)
	at java.base/java.util.concurrent.Executors$RunnableAdapter.call(Executors.java:572)
	at java.base/java.util.concurrent.FutureTask.runAndReset(FutureTask.java:358)
	at java.base/java.util.concurrent.ScheduledThreadPoolExecutor$ScheduledFutureTask.run(ScheduledThreadPoolExecutor.java:305)
	at java.base/java.util.concurrent.ThreadPoolExecutor.runWorker(ThreadPoolExecutor.java:1144)
	at java.base/java.util.concurrent.ThreadPoolExecutor$Worker.run(ThreadPoolExecutor.java:642)
	at java.base/java.lang.Thread.run(Thread.java:1570)
2025-02-07 17:18:09 [scheduling-1] INFO  d.p.dots.scheduler.MessagesScheduler - [SCHEDULED START] updateUnarchivedMessages()
2025-02-07 17:18:49 [scheduling-1] ERROR d.p.dots.scheduler.MessagesScheduler - [SCHEDULED ERROR] updateUnarchivedMessages() 
java.lang.InterruptedException: null
	at java.base/java.util.concurrent.CompletableFuture.reportGet(CompletableFuture.java:386)
	at java.base/java.util.concurrent.CompletableFuture.get(CompletableFuture.java:2073)
	at java.net.http/jdk.internal.net.http.HttpClientImpl.send(HttpClientImpl.java:935)
	at java.net.http/jdk.internal.net.http.HttpClientFacade.send(HttpClientFacade.java:133)
	at dev.pablito.dots.api.discogs.DiscogsClient.requestHandler(DiscogsClient.java:36)
	at dev.pablito.dots.api.discogs.DiscogsClient.getDiscogsMessages(DiscogsClient.java:220)
	at dev.pablito.dots.services.MessageService.updateMessages(MessageService.java:68)
	at dev.pablito.dots.services.MessageService.updateUnarchivedMessages(MessageService.java:33)
	at dev.pablito.dots.scheduler.MessagesScheduler.updateUnarchivedMessages(MessagesScheduler.java:35)
	at java.base/jdk.internal.reflect.DirectMethodHandleAccessor.invoke(DirectMethodHandleAccessor.java:103)
	at java.base/java.lang.reflect.Method.invoke(Method.java:580)
	at org.springframework.scheduling.support.ScheduledMethodRunnable.runInternal(ScheduledMethodRunnable.java:130)
	at org.springframework.scheduling.support.ScheduledMethodRunnable.lambda$run$2(ScheduledMethodRunnable.java:124)
	at io.micrometer.observation.Observation.observe(Observation.java:499)
	at org.springframework.scheduling.support.ScheduledMethodRunnable.run(ScheduledMethodRunnable.java:124)
	at org.springframework.scheduling.support.DelegatingErrorHandlingRunnable.run(DelegatingErrorHandlingRunnable.java:54)
	at java.base/java.util.concurrent.Executors$RunnableAdapter.call(Executors.java:572)
	at java.base/java.util.concurrent.FutureTask.runAndReset(FutureTask.java:358)
	at java.base/java.util.concurrent.ScheduledThreadPoolExecutor$ScheduledFutureTask.run(ScheduledThreadPoolExecutor.java:305)
	at java.base/java.util.concurrent.ThreadPoolExecutor.runWorker(ThreadPoolExecutor.java:1144)
	at java.base/java.util.concurrent.ThreadPoolExecutor$Worker.run(ThreadPoolExecutor.java:642)
	at java.base/java.lang.Thread.run(Thread.java:1570)
2025-02-07 17:18:49 [scheduling-1] INFO  d.p.dots.scheduler.MessagesScheduler - [SCHEDULED START] updateUnarchivedMessages()
2025-02-07 17:19:21 [scheduling-1] ERROR d.p.dots.scheduler.MessagesScheduler - [SCHEDULED ERROR] updateUnarchivedMessages() 
java.lang.InterruptedException: sleep interrupted
	at java.base/java.lang.Thread.sleepNanos0(Native Method)
	at java.base/java.lang.Thread.sleepNanos(Thread.java:491)
	at java.base/java.lang.Thread.sleep(Thread.java:522)
	at dev.pablito.dots.services.MessageService.updateUnarchivedMessages(MessageService.java:34)
	at dev.pablito.dots.scheduler.MessagesScheduler.updateUnarchivedMessages(MessagesScheduler.java:35)
	at java.base/jdk.internal.reflect.DirectMethodHandleAccessor.invoke(DirectMethodHandleAccessor.java:103)
	at java.base/java.lang.reflect.Method.invoke(Method.java:580)
	at org.springframework.scheduling.support.ScheduledMethodRunnable.runInternal(ScheduledMethodRunnable.java:130)
	at org.springframework.scheduling.support.ScheduledMethodRunnable.lambda$run$2(ScheduledMethodRunnable.java:124)
	at io.micrometer.observation.Observation.observe(Observation.java:499)
	at org.springframework.scheduling.support.ScheduledMethodRunnable.run(ScheduledMethodRunnable.java:124)
	at org.springframework.scheduling.support.DelegatingErrorHandlingRunnable.run(DelegatingErrorHandlingRunnable.java:54)
	at java.base/java.util.concurrent.Executors$RunnableAdapter.call(Executors.java:572)
	at java.base/java.util.concurrent.FutureTask.runAndReset(FutureTask.java:358)
	at java.base/java.util.concurrent.ScheduledThreadPoolExecutor$ScheduledFutureTask.run(ScheduledThreadPoolExecutor.java:305)
	at java.base/java.util.concurrent.ThreadPoolExecutor.runWorker(ThreadPoolExecutor.java:1144)
	at java.base/java.util.concurrent.ThreadPoolExecutor$Worker.run(ThreadPoolExecutor.java:642)
	at java.base/java.lang.Thread.run(Thread.java:1570)
2025-02-07 17:19:22 [scheduling-1] INFO  d.p.dots.scheduler.MessagesScheduler - [SCHEDULED START] updateUnarchivedMessages()
