2025-02-09 13:16:44 [http-nio-8081-exec-10] INFO  d.p.dots.controller.OrderController - [TASK START] getUnarchivedNewOrders()
2025-02-09 13:16:45 [http-nio-8081-exec-10] INFO  d.p.dots.controller.OrderController - [TASK END] getUnarchivedNewOrders() - 0 s 
2025-02-09 13:17:05 [http-nio-8081-exec-3] INFO  d.p.dots.controller.OrderController - [TASK START] getUnarchivedOrders(0, 50)
2025-02-09 13:17:05 [http-nio-8081-exec-3] INFO  d.p.dots.controller.OrderController - [TASK END] getUnarchivedOrders(0, 50) - 0 s 
2025-02-09 13:17:30 [http-nio-8081-exec-4] INFO  d.p.dots.controller.OrderController - [TASK START] getUnarchivedOrders(0, 50)
2025-02-09 13:17:30 [http-nio-8081-exec-4] INFO  d.p.dots.controller.OrderController - [TASK END] getUnarchivedOrders(0, 50) - 0 s 
2025-02-09 13:17:31 [http-nio-8081-exec-2] INFO  d.p.dots.controller.OrderController - [TASK START] getUnarchivedNewOrders()
2025-02-09 13:17:31 [http-nio-8081-exec-2] INFO  d.p.dots.controller.OrderController - [TASK END] getUnarchivedNewOrders() - 0 s 
2025-02-09 13:17:32 [http-nio-8081-exec-5] INFO  d.p.dots.controller.OrderController - [TASK START] getUnarchivedOrders(0, 50)
2025-02-09 13:17:32 [http-nio-8081-exec-5] INFO  d.p.dots.controller.OrderController - [TASK END] getUnarchivedOrders(0, 50) - 0 s 
2025-02-09 13:24:20 [http-nio-8081-exec-1] INFO  d.p.dots.controller.OrderController - [TASK START] getUnarchivedOrders(0, 50)
2025-02-09 13:24:20 [http-nio-8081-exec-1] INFO  d.p.dots.controller.OrderController - [TASK END] getUnarchivedOrders(0, 50) - 0 s 
2025-02-09 13:24:49 [http-nio-8081-exec-9] INFO  d.p.dots.controller.OrderController - [TASK START] getUnarchivedOrders(0, 50)
2025-02-09 13:24:49 [http-nio-8081-exec-9] INFO  d.p.dots.controller.OrderController - [TASK END] getUnarchivedOrders(0, 50) - 0 s 
2025-02-09 13:33:45 [http-nio-8081-exec-2] INFO  d.p.d.controller.ReleaseController - [TASK START] getReleases(0, 50)
2025-02-09 13:33:46 [http-nio-8081-exec-2] INFO  d.p.d.controller.ReleaseController - [TASK END] getReleases(0, 50) - 0 s 
2025-02-09 13:36:22 [http-nio-8081-exec-1] INFO  d.p.d.controller.ReleaseController - [TASK START] getReleases(0, 50)
2025-02-09 13:36:22 [http-nio-8081-exec-1] INFO  d.p.d.controller.ReleaseController - [TASK END] getReleases(0, 50) - 0 s 
2025-02-09 13:36:34 [http-nio-8081-exec-2] INFO  d.p.dots.controller.OrderController - [TASK START] getUnarchivedOrders(0, 50)
2025-02-09 13:36:34 [http-nio-8081-exec-2] INFO  d.p.dots.controller.OrderController - [TASK END] getUnarchivedOrders(0, 50) - 0 s 
2025-02-09 13:36:38 [http-nio-8081-exec-3] INFO  d.p.d.controller.ReleaseController - [TASK START] getReleases(0, 50)
2025-02-09 13:36:38 [http-nio-8081-exec-3] INFO  d.p.d.controller.ReleaseController - [TASK END] getReleases(0, 50) - 0 s 
2025-02-09 13:44:37 [http-nio-8081-exec-5] INFO  d.p.d.controller.ReleaseController - [TASK START] getReleases(0, 50)
2025-02-09 13:44:37 [http-nio-8081-exec-5] INFO  d.p.d.controller.ReleaseController - [TASK END] getReleases(0, 50) - 0 s 
2025-02-09 13:45:12 [http-nio-8081-exec-6] INFO  d.p.d.controller.ReleaseController - [TASK START] getReleases(0, 50)
2025-02-09 13:45:12 [http-nio-8081-exec-6] INFO  d.p.d.controller.ReleaseController - [TASK END] getReleases(0, 50) - 0 s 
2025-02-09 13:45:24 [http-nio-8081-exec-7] INFO  d.p.d.controller.ReleaseController - [TASK START] getReleases(0, 50)
2025-02-09 13:45:24 [http-nio-8081-exec-7] INFO  d.p.d.controller.ReleaseController - [TASK END] getReleases(0, 50) - 0 s 
2025-02-09 16:30:40 [http-nio-8081-exec-10] INFO  d.p.dots.controller.OrderController - [TASK START] getUnarchivedNewOrders()
2025-02-09 16:30:40 [http-nio-8081-exec-10] INFO  d.p.dots.controller.OrderController - [TASK END] getUnarchivedNewOrders() - 0 s 
2025-02-09 16:31:21 [http-nio-8081-exec-1] INFO  d.p.dots.controller.OrderController - [TASK START] getUnarchivedNewOrders()
2025-02-09 16:31:22 [http-nio-8081-exec-1] INFO  d.p.dots.controller.OrderController - [TASK END] getUnarchivedNewOrders() - 0 s 
2025-02-09 16:32:11 [http-nio-8081-exec-3] INFO  d.p.d.controller.ReleaseController - [TASK START] getReleases(0, 50)
2025-02-09 16:32:11 [http-nio-8081-exec-3] INFO  d.p.d.controller.ReleaseController - [TASK END] getReleases(0, 50) - 0 s 
2025-02-09 16:32:12 [http-nio-8081-exec-4] INFO  d.p.dots.controller.OrderController - [TASK START] getUnarchivedOrders(0, 50)
2025-02-09 16:32:13 [http-nio-8081-exec-4] INFO  d.p.dots.controller.OrderController - [TASK END] getUnarchivedOrders(0, 50) - 0 s 
2025-02-09 16:32:14 [http-nio-8081-exec-5] INFO  d.p.d.controller.ReleaseController - [TASK START] getReleases(0, 50)
2025-02-09 16:32:14 [http-nio-8081-exec-5] INFO  d.p.d.controller.ReleaseController - [TASK END] getReleases(0, 50) - 0 s 
2025-02-09 16:32:42 [http-nio-8081-exec-7] INFO  d.p.d.controller.ReleaseController - [TASK START] getReleases(0, 50)
2025-02-09 16:32:42 [http-nio-8081-exec-7] INFO  d.p.d.controller.ReleaseController - [TASK END] getReleases(0, 50) - 0 s 
2025-02-09 16:32:46 [http-nio-8081-exec-8] INFO  d.p.dots.controller.OrderController - [TASK START] getUnarchivedOrders(0, 50)
2025-02-09 16:32:46 [http-nio-8081-exec-8] INFO  d.p.dots.controller.OrderController - [TASK END] getUnarchivedOrders(0, 50) - 0 s 
2025-02-09 16:32:48 [http-nio-8081-exec-9] INFO  d.p.dots.controller.OrderController - [TASK START] getUnarchivedNewOrders()
2025-02-09 16:32:48 [http-nio-8081-exec-9] INFO  d.p.dots.controller.OrderController - [TASK END] getUnarchivedNewOrders() - 0 s 
2025-02-09 16:32:48 [http-nio-8081-exec-2] INFO  d.p.d.controller.ReleaseController - [TASK START] getReleases(0, 50)
2025-02-09 16:32:49 [http-nio-8081-exec-2] INFO  d.p.d.controller.ReleaseController - [TASK END] getReleases(0, 50) - 0 s 
2025-02-09 16:32:49 [http-nio-8081-exec-1] INFO  d.p.dots.controller.OrderController - [TASK START] getUnarchivedOrders(0, 50)
2025-02-09 16:32:49 [http-nio-8081-exec-1] INFO  d.p.dots.controller.OrderController - [TASK END] getUnarchivedOrders(0, 50) - 0 s 
2025-02-09 16:34:01 [http-nio-8081-exec-5] INFO  d.p.d.controller.ReleaseController - [TASK START] getReleases(0, 50)
2025-02-09 16:34:01 [http-nio-8081-exec-5] INFO  d.p.d.controller.ReleaseController - [TASK END] getReleases(0, 50) - 0 s 
2025-02-09 16:34:23 [http-nio-8081-exec-6] INFO  d.p.d.controller.ReleaseController - [TASK START] getReleases(0, 50)
2025-02-09 16:34:23 [http-nio-8081-exec-6] INFO  d.p.d.controller.ReleaseController - [TASK END] getReleases(0, 50) - 0 s 
2025-02-09 16:40:37 [http-nio-8081-exec-1] INFO  d.p.dots.controller.OrderController - [TASK START] getUnarchivedNewOrders()
2025-02-09 16:40:38 [http-nio-8081-exec-1] INFO  d.p.dots.controller.OrderController - [TASK END] getUnarchivedNewOrders() - 0 s 
2025-02-09 16:53:19 [http-nio-8081-exec-1] INFO  d.p.dots.controller.OrderController - [TASK START] getUnarchivedNewOrders()
2025-02-09 16:53:19 [http-nio-8081-exec-1] INFO  d.p.dots.controller.OrderController - [TASK END] getUnarchivedNewOrders() - 0 s 
2025-02-09 17:00:45 [http-nio-8081-exec-1] INFO  d.p.dots.controller.OrderController - [TASK START] getUnarchivedNewOrders()
2025-02-09 17:00:45 [http-nio-8081-exec-1] INFO  d.p.dots.controller.OrderController - [TASK END] getUnarchivedNewOrders() - 0 s 
